FD limit too low: 1024/4096 smaller than recommended 65535
FD limit raised to: 4096
connecting to Carbon at 127.0.0.1:2003 (localhost)
bound tcp for http port 9987
monitor is listening on tcp://*:24000,http://0.0.0.0:9987
serviceClass/monitor/monitor --> {"serviceLocation":"mt1","serviceName":"monitor","servicePath":"monitor"}
monitor/http/tcp --> [{"httpUri":"http://127.0.0.1:9987","transports":[{"addr":"127.0.0.1","hostScope":"ip-172-31-19-171.eu-west-1.compute.internal","name":"tcp","port":9987},{"name":"http","uri":"http://127.0.0.1:9987"}]},{"httpUri":"http://172.31.19.171:9987","transports":[{"addr":"172.31.19.171","hostScope":"*","name":"tcp","port":9987},{"name":"http","uri":"http://172.31.19.171:9987"}]}]
monitor/zeromq/tcp --> [{"transports":[{"addr":"127.0.0.1","hostScope":"ip-172-31-19-171.eu-west-1.compute.internal","name":"tcp","port":24000},{"name":"zeromq","socketType":6,"uri":"tcp://127.0.0.1:24000"}],"zmqConnectUri":"tcp://127.0.0.1:24000"},{"transports":[{"addr":"172.31.19.171","hostScope":"*","name":"tcp","port":24000},{"name":"zeromq","socketType":6,"uri":"tcp://ip-172-31-19-171.eu-west-1.compute.internal:24000"}],"zmqConnectUri":"tcp://ip-172-31-19-171.eu-west-1.compute.internal:24000"}]
2016-09-21 11:31:22.482 [1;32mMessage Loop Warning [1;34mmessage loop in polling mode will cause 2000 context switches per second due to polling on sources ZmqNamedEndpoint::socket[0m


rtbAgentConfiguration: 
    agentConfigurationService OK  2016-09-21 11:31:31  Alive
rtbBanker: 
    PostAuctionLoop.slaveBanker OK  2016-09-21 11:31:31  Sync with MasterBanker: OK
    router.slaveBanker   OK  2016-09-21 11:31:31  Sync with MasterBanker: OK
rtbDataLogger: 
    data_logger          OK  2016-09-21 11:31:31  Alive
rtbPostAuctionService: 
    PostAuctionLoop      OK  2016-09-21 11:31:31  WinLoss pipe: OK, CampaignEvent pipe: ERROR, Banker: OK
rtbRequestRouter: 
    router               OK  2016-09-21 11:31:31  Connection to PAL: OK, Banker: OK


rtbAgentConfiguration: 
    agentConfigurationService OK  2016-09-21 11:31:41  Alive
rtbBanker: 
    PostAuctionLoop.slaveBanker OK  2016-09-21 11:31:41  Sync with MasterBanker: OK
    router.slaveBanker   OK  2016-09-21 11:31:41  Sync with MasterBanker: OK
rtbDataLogger: 
    data_logger          OK  2016-09-21 11:31:41  Alive
rtbPostAuctionService: 
    PostAuctionLoop      OK  2016-09-21 11:31:41  WinLoss pipe: OK, CampaignEvent pipe: OK, Banker: OK
rtbRequestRouter: 
    router               OK  2016-09-21 11:31:41  Connection to PAL: OK, Banker: OK


rtbAgentConfiguration: 
    agentConfigurationService OK  2016-09-21 11:31:51  Alive
rtbBanker: 
    PostAuctionLoop.slaveBanker OK  2016-09-21 11:31:51  Sync with MasterBanker: OK
    router.slaveBanker   OK  2016-09-21 11:31:51  Sync with MasterBanker: OK
rtbDataLogger: 
    data_logger          OK  2016-09-21 11:31:51  Alive
rtbPostAuctionService: 
    PostAuctionLoop      OK  2016-09-21 11:31:51  WinLoss pipe: OK, CampaignEvent pipe: ERROR, Banker: OK
rtbRequestRouter: 
    router               OK  2016-09-21 11:31:51  Connection to PAL: OK, Banker: OK


rtbAgentConfiguration: 
    agentConfigurationService OK  2016-09-21 11:32:01  Alive
rtbBanker: 
    PostAuctionLoop.slaveBanker OK  2016-09-21 11:32:01  Sync with MasterBanker: OK
    router.slaveBanker   OK  2016-09-21 11:32:01  Sync with MasterBanker: OK
rtbDataLogger: 
    data_logger          OK  2016-09-21 11:32:01  Alive
rtbPostAuctionService: 
    PostAuctionLoop      OK  2016-09-21 11:32:01  WinLoss pipe: OK, CampaignEvent pipe: ERROR, Banker: OK
rtbRequestRouter: 
    router               OK  2016-09-21 11:32:01  Connection to PAL: OK, Banker: OK


rtbAgentConfiguration: 
    agentConfigurationService OK  2016-09-21 11:32:11  Alive
rtbBanker: 
    PostAuctionLoop.slaveBanker OK  2016-09-21 11:32:11  Sync with MasterBanker: OK
    router.slaveBanker   OK  2016-09-21 11:32:11  Sync with MasterBanker: OK
rtbDataLogger: 
    data_logger          OK  2016-09-21 11:32:11  Alive
rtbPostAuctionService: 
    PostAuctionLoop      OK  2016-09-21 11:32:11  WinLoss pipe: OK, CampaignEvent pipe: ERROR, Banker: OK
rtbRequestRouter: 
    router               OK  2016-09-21 11:32:11  Connection to PAL: OK, Banker: OK


rtbAgentConfiguration: 
    agentConfigurationService OK  2016-09-21 11:32:21  Alive
rtbBanker: 
    PostAuctionLoop.slaveBanker OK  2016-09-21 11:32:21  Sync with MasterBanker: OK
    router.slaveBanker   OK  2016-09-21 11:32:21  Sync with MasterBanker: OK
rtbDataLogger: 
    data_logger          OK  2016-09-21 11:32:21  Alive
rtbPostAuctionService: 
    PostAuctionLoop      OK  2016-09-21 11:32:21  WinLoss pipe: OK, CampaignEvent pipe: ERROR, Banker: OK
rtbRequestRouter: 
    router               OK  2016-09-21 11:32:21  Connection to PAL: OK, Banker: OK


rtbAgentConfiguration: 
    agentConfigurationService OK  2016-09-21 11:32:31  Alive
rtbBanker: 
    PostAuctionLoop.slaveBanker OK  2016-09-21 11:32:31  Sync with MasterBanker: OK
    router.slaveBanker   OK  2016-09-21 11:32:31  Sync with MasterBanker: OK
rtbDataLogger: 
    data_logger          OK  2016-09-21 11:32:31  Alive
rtbPostAuctionService: 
    PostAuctionLoop      OK  2016-09-21 11:32:31  WinLoss pipe: OK, CampaignEvent pipe: ERROR, Banker: OK
rtbRequestRouter: 
    router               OK  2016-09-21 11:32:31  Connection to PAL: OK, Banker: OK


rtbAgentConfiguration: 
    agentConfigurationService OK  2016-09-21 11:32:41  Alive
rtbBanker: 
    PostAuctionLoop.slaveBanker OK  2016-09-21 11:32:41  Sync with MasterBanker: OK
    router.slaveBanker   OK  2016-09-21 11:32:41  Sync with MasterBanker: OK
rtbDataLogger: 
    data_logger          OK  2016-09-21 11:32:41  Alive
rtbPostAuctionService: 
    PostAuctionLoop      OK  2016-09-21 11:32:41  WinLoss pipe: OK, CampaignEvent pipe: ERROR, Banker: OK
rtbRequestRouter: 
    router               OK  2016-09-21 11:32:41  Connection to PAL: OK, Banker: OK


rtbAgentConfiguration: 
    agentConfigurationService OK  2016-09-21 11:32:51  Alive
rtbBanker: 
    PostAuctionLoop.slaveBanker OK  2016-09-21 11:32:51  Sync with MasterBanker: OK
    router.slaveBanker   OK  2016-09-21 11:32:51  Sync with MasterBanker: OK
rtbDataLogger: 
    data_logger          OK  2016-09-21 11:32:51  Alive
rtbPostAuctionService: 
    PostAuctionLoop      OK  2016-09-21 11:32:51  WinLoss pipe: OK, CampaignEvent pipe: ERROR, Banker: OK
rtbRequestRouter: 
    router               OK  2016-09-21 11:32:51  Connection to PAL: OK, Banker: OK


rtbAgentConfiguration: 
    agentConfigurationService OK  2016-09-21 11:33:01  Alive
rtbBanker: 
    PostAuctionLoop.slaveBanker OK  2016-09-21 11:33:01  Sync with MasterBanker: OK
    router.slaveBanker   OK  2016-09-21 11:33:01  Sync with MasterBanker: OK
rtbDataLogger: 
    data_logger          OK  2016-09-21 11:33:01  Alive
rtbPostAuctionService: 
    PostAuctionLoop      OK  2016-09-21 11:33:01  WinLoss pipe: OK, CampaignEvent pipe: ERROR, Banker: OK
rtbRequestRouter: 
    router               OK  2016-09-21 11:33:01  Connection to PAL: OK, Banker: OK


rtbAgentConfiguration: 
    agentConfigurationService OK  2016-09-21 11:33:11  Alive
rtbBanker: 
    PostAuctionLoop.slaveBanker OK  2016-09-21 11:33:11  Sync with MasterBanker: OK
    router.slaveBanker   OK  2016-09-21 11:33:11  Sync with MasterBanker: OK
rtbDataLogger: 
    data_logger          OK  2016-09-21 11:33:11  Alive
rtbPostAuctionService: 
    PostAuctionLoop      OK  2016-09-21 11:33:11  WinLoss pipe: OK, CampaignEvent pipe: OK, Banker: OK
rtbRequestRouter: 
    router               OK  2016-09-21 11:33:11  Connection to PAL: OK, Banker: OK


rtbAgentConfiguration: 
    agentConfigurationService OK  2016-09-21 11:33:21  Alive
rtbBanker: 
    PostAuctionLoop.slaveBanker OK  2016-09-21 11:33:21  Sync with MasterBanker: OK
    router.slaveBanker   OK  2016-09-21 11:33:21  Sync with MasterBanker: OK
rtbDataLogger: 
    data_logger          OK  2016-09-21 11:33:21  Alive
rtbPostAuctionService: 
    PostAuctionLoop      OK  2016-09-21 11:33:21  WinLoss pipe: OK, CampaignEvent pipe: ERROR, Banker: OK
rtbRequestRouter: 
    router               OK  2016-09-21 11:33:21  Connection to PAL: OK, Banker: OK


rtbAgentConfiguration: 
    agentConfigurationService OK  2016-09-21 11:33:31  Alive
rtbBanker: 
    PostAuctionLoop.slaveBanker OK  2016-09-21 11:33:31  Sync with MasterBanker: OK
    router.slaveBanker   OK  2016-09-21 11:33:31  Sync with MasterBanker: OK
rtbDataLogger: 
    data_logger          OK  2016-09-21 11:33:31  Alive
rtbPostAuctionService: 
    PostAuctionLoop      OK  2016-09-21 11:33:31  WinLoss pipe: OK, CampaignEvent pipe: ERROR, Banker: OK
rtbRequestRouter: 
    router               OK  2016-09-21 11:33:31  Connection to PAL: OK, Banker: OK


rtbAgentConfiguration: 
    agentConfigurationService OK  2016-09-21 11:33:41  Alive
rtbBanker: 
    PostAuctionLoop.slaveBanker OK  2016-09-21 11:33:41  Sync with MasterBanker: OK
    router.slaveBanker   OK  2016-09-21 11:33:41  Sync with MasterBanker: OK
rtbDataLogger: 
    data_logger          OK  2016-09-21 11:33:41  Alive
rtbPostAuctionService: 
    PostAuctionLoop      OK  2016-09-21 11:33:41  WinLoss pipe: OK, CampaignEvent pipe: ERROR, Banker: OK
rtbRequestRouter: 
    router               OK  2016-09-21 11:33:41  Connection to PAL: OK, Banker: OK


rtbAgentConfiguration: 
    agentConfigurationService OK  2016-09-21 11:33:51  Alive
rtbBanker: 
    PostAuctionLoop.slaveBanker OK  2016-09-21 11:33:51  Sync with MasterBanker: OK
    router.slaveBanker   OK  2016-09-21 11:33:51  Sync with MasterBanker: OK
rtbDataLogger: 
    data_logger          OK  2016-09-21 11:33:51  Alive
rtbPostAuctionService: 
    PostAuctionLoop      OK  2016-09-21 11:33:51  WinLoss pipe: OK, CampaignEvent pipe: OK, Banker: OK
rtbRequestRouter: 
    router               OK  2016-09-21 11:33:51  Connection to PAL: OK, Banker: OK


rtbAgentConfiguration: 
    agentConfigurationService OK  2016-09-21 11:34:01  Alive
rtbBanker: 
    PostAuctionLoop.slaveBanker OK  2016-09-21 11:34:01  Sync with MasterBanker: OK
    router.slaveBanker   OK  2016-09-21 11:34:01  Sync with MasterBanker: OK
rtbDataLogger: 
    data_logger          OK  2016-09-21 11:34:01  Alive
rtbPostAuctionService: 
    PostAuctionLoop      OK  2016-09-21 11:34:01  WinLoss pipe: OK, CampaignEvent pipe: ERROR, Banker: OK
rtbRequestRouter: 
    router               OK  2016-09-21 11:34:01  Connection to PAL: OK, Banker: OK


rtbAgentConfiguration: 
    agentConfigurationService OK  2016-09-21 11:34:11  Alive
rtbBanker: 
    PostAuctionLoop.slaveBanker OK  2016-09-21 11:34:11  Sync with MasterBanker: OK
    router.slaveBanker   OK  2016-09-21 11:34:11  Sync with MasterBanker: OK
rtbDataLogger: 
    data_logger          OK  2016-09-21 11:34:11  Alive
rtbPostAuctionService: 
    PostAuctionLoop      OK  2016-09-21 11:34:11  WinLoss pipe: OK, CampaignEvent pipe: ERROR, Banker: OK
rtbRequestRouter: 
    router               OK  2016-09-21 11:34:11  Connection to PAL: OK, Banker: OK


rtbAgentConfiguration: 
    agentConfigurationService OK  2016-09-21 11:34:21  Alive
rtbBanker: 
    PostAuctionLoop.slaveBanker OK  2016-09-21 11:34:21  Sync with MasterBanker: OK
    router.slaveBanker   OK  2016-09-21 11:34:21  Sync with MasterBanker: OK
rtbDataLogger: 
    data_logger          OK  2016-09-21 11:34:21  Alive
rtbPostAuctionService: 
    PostAuctionLoop      OK  2016-09-21 11:34:21  WinLoss pipe: OK, CampaignEvent pipe: OK, Banker: OK
rtbRequestRouter: 
    router               OK  2016-09-21 11:34:21  Connection to PAL: OK, Banker: OK


rtbAgentConfiguration: 
    agentConfigurationService OK  2016-09-21 11:34:31  Alive
rtbBanker: 
    PostAuctionLoop.slaveBanker OK  2016-09-21 11:34:31  Sync with MasterBanker: OK
    router.slaveBanker   OK  2016-09-21 11:34:31  Sync with MasterBanker: OK
rtbDataLogger: 
    data_logger          OK  2016-09-21 11:34:31  Alive
rtbPostAuctionService: 
    PostAuctionLoop      OK  2016-09-21 11:34:31  WinLoss pipe: OK, CampaignEvent pipe: ERROR, Banker: OK
rtbRequestRouter: 
    router               OK  2016-09-21 11:34:31  Connection to PAL: OK, Banker: OK


rtbAgentConfiguration: 
    agentConfigurationService OK  2016-09-21 11:34:41  Alive
rtbBanker: 
    PostAuctionLoop.slaveBanker OK  2016-09-21 11:34:41  Sync with MasterBanker: OK
    router.slaveBanker   OK  2016-09-21 11:34:41  Sync with MasterBanker: OK
rtbDataLogger: 
    data_logger          OK  2016-09-21 11:34:41  Alive
rtbPostAuctionService: 
    PostAuctionLoop      ERR 2016-09-21 11:34:41  WinLoss pipe: ERROR, CampaignEvent pipe: ERROR, Banker: OK
rtbRequestRouter: 
    router               OK  2016-09-21 11:34:41  Connection to PAL: OK, Banker: OK


rtbAgentConfiguration: 
    agentConfigurationService OK  2016-09-21 11:34:51  Alive
rtbBanker: 
    PostAuctionLoop.slaveBanker OK  2016-09-21 11:34:51  Sync with MasterBanker: OK
    router.slaveBanker   OK  2016-09-21 11:34:51  Sync with MasterBanker: OK
rtbDataLogger: 
    data_logger          OK  2016-09-21 11:34:51  Alive
rtbPostAuctionService: 
    PostAuctionLoop      OK  2016-09-21 11:34:51  WinLoss pipe: OK, CampaignEvent pipe: ERROR, Banker: OK
rtbRequestRouter: 
    router               OK  2016-09-21 11:34:51  Connection to PAL: OK, Banker: OK


rtbAgentConfiguration: 
    agentConfigurationService OK  2016-09-21 11:35:01  Alive
rtbBanker: 
    PostAuctionLoop.slaveBanker OK  2016-09-21 11:35:01  Sync with MasterBanker: OK
    router.slaveBanker   OK  2016-09-21 11:35:01  Sync with MasterBanker: OK
rtbDataLogger: 
    data_logger          OK  2016-09-21 11:35:01  Alive
rtbPostAuctionService: 
    PostAuctionLoop      OK  2016-09-21 11:35:01  WinLoss pipe: OK, CampaignEvent pipe: ERROR, Banker: OK
rtbRequestRouter: 
    router               OK  2016-09-21 11:35:01  Connection to PAL: OK, Banker: OK


rtbAgentConfiguration: 
    agentConfigurationService OK  2016-09-21 11:35:11  Alive
rtbBanker: 
    PostAuctionLoop.slaveBanker OK  2016-09-21 11:35:11  Sync with MasterBanker: OK
    router.slaveBanker   OK  2016-09-21 11:35:11  Sync with MasterBanker: OK
rtbDataLogger: 
    data_logger          OK  2016-09-21 11:35:11  Alive
rtbPostAuctionService: 
    PostAuctionLoop      OK  2016-09-21 11:35:11  WinLoss pipe: OK, CampaignEvent pipe: ERROR, Banker: OK
rtbRequestRouter: 
    router               OK  2016-09-21 11:35:11  Connection to PAL: OK, Banker: OK


rtbAgentConfiguration: 
    agentConfigurationService OK  2016-09-21 11:35:21  Alive
rtbBanker: 
    PostAuctionLoop.slaveBanker OK  2016-09-21 11:35:21  Sync with MasterBanker: OK
    router.slaveBanker   OK  2016-09-21 11:35:21  Sync with MasterBanker: OK
rtbDataLogger: 
    data_logger          OK  2016-09-21 11:35:21  Alive
rtbPostAuctionService: 
    PostAuctionLoop      OK  2016-09-21 11:35:21  WinLoss pipe: OK, CampaignEvent pipe: ERROR, Banker: OK
rtbRequestRouter: 
    router               OK  2016-09-21 11:35:21  Connection to PAL: OK, Banker: OK


rtbAgentConfiguration: 
    agentConfigurationService OK  2016-09-21 11:35:31  Alive
rtbBanker: 
    PostAuctionLoop.slaveBanker OK  2016-09-21 11:35:31  Sync with MasterBanker: OK
    router.slaveBanker   OK  2016-09-21 11:35:31  Sync with MasterBanker: OK
rtbDataLogger: 
    data_logger          OK  2016-09-21 11:35:31  Alive
rtbPostAuctionService: 
    PostAuctionLoop      ERR 2016-09-21 11:35:31  WinLoss pipe: ERROR, CampaignEvent pipe: ERROR, Banker: OK
rtbRequestRouter: 
    router               OK  2016-09-21 11:35:31  Connection to PAL: OK, Banker: OK


rtbAgentConfiguration: 
    agentConfigurationService OK  2016-09-21 11:35:41  Alive
rtbBanker: 
    PostAuctionLoop.slaveBanker OK  2016-09-21 11:35:41  Sync with MasterBanker: OK
    router.slaveBanker   OK  2016-09-21 11:35:41  Sync with MasterBanker: OK
rtbDataLogger: 
    data_logger          OK  2016-09-21 11:35:41  Alive
rtbPostAuctionService: 
    PostAuctionLoop      OK  2016-09-21 11:35:41  WinLoss pipe: OK, CampaignEvent pipe: ERROR, Banker: OK
rtbRequestRouter: 
    router               OK  2016-09-21 11:35:41  Connection to PAL: OK, Banker: OK


rtbAgentConfiguration: 
    agentConfigurationService OK  2016-09-21 11:35:51  Alive
rtbBanker: 
    PostAuctionLoop.slaveBanker OK  2016-09-21 11:35:51  Sync with MasterBanker: OK
    router.slaveBanker   OK  2016-09-21 11:35:51  Sync with MasterBanker: OK
rtbDataLogger: 
    data_logger          OK  2016-09-21 11:35:51  Alive
rtbPostAuctionService: 
    PostAuctionLoop      OK  2016-09-21 11:35:51  WinLoss pipe: OK, CampaignEvent pipe: ERROR, Banker: OK
rtbRequestRouter: 
    router               OK  2016-09-21 11:35:51  Connection to PAL: OK, Banker: OK


rtbAgentConfiguration: 
    agentConfigurationService OK  2016-09-21 11:36:01  Alive
rtbBanker: 
    PostAuctionLoop.slaveBanker OK  2016-09-21 11:36:01  Sync with MasterBanker: OK
    router.slaveBanker   OK  2016-09-21 11:36:01  Sync with MasterBanker: OK
rtbDataLogger: 
    data_logger          OK  2016-09-21 11:36:01  Alive
rtbPostAuctionService: 
    PostAuctionLoop      OK  2016-09-21 11:36:01  WinLoss pipe: OK, CampaignEvent pipe: ERROR, Banker: OK
rtbRequestRouter: 
    router               OK  2016-09-21 11:36:01  Connection to PAL: OK, Banker: OK


rtbAgentConfiguration: 
    agentConfigurationService OK  2016-09-21 11:36:11  Alive
rtbBanker: 
    PostAuctionLoop.slaveBanker OK  2016-09-21 11:36:11  Sync with MasterBanker: OK
    router.slaveBanker   OK  2016-09-21 11:36:11  Sync with MasterBanker: OK
rtbDataLogger: 
    data_logger          OK  2016-09-21 11:36:11  Alive
rtbPostAuctionService: 
    PostAuctionLoop      OK  2016-09-21 11:36:11  WinLoss pipe: OK, CampaignEvent pipe: ERROR, Banker: OK
rtbRequestRouter: 
    router               OK  2016-09-21 11:36:11  Connection to PAL: OK, Banker: OK


rtbAgentConfiguration: 
    agentConfigurationService OK  2016-09-21 11:36:21  Alive
rtbBanker: 
    PostAuctionLoop.slaveBanker OK  2016-09-21 11:36:21  Sync with MasterBanker: OK
    router.slaveBanker   OK  2016-09-21 11:36:21  Sync with MasterBanker: OK
rtbDataLogger: 
    data_logger          OK  2016-09-21 11:36:21  Alive
rtbPostAuctionService: 
    PostAuctionLoop      OK  2016-09-21 11:36:21  WinLoss pipe: OK, CampaignEvent pipe: ERROR, Banker: OK
rtbRequestRouter: 
    router               OK  2016-09-21 11:36:21  Connection to PAL: OK, Banker: OK


rtbAgentConfiguration: 
    agentConfigurationService OK  2016-09-21 11:36:31  Alive
rtbBanker: 
    PostAuctionLoop.slaveBanker OK  2016-09-21 11:36:31  Sync with MasterBanker: OK
    router.slaveBanker   OK  2016-09-21 11:36:31  Sync with MasterBanker: OK
rtbDataLogger: 
    data_logger          OK  2016-09-21 11:36:31  Alive
rtbPostAuctionService: 
    PostAuctionLoop      OK  2016-09-21 11:36:31  WinLoss pipe: OK, CampaignEvent pipe: ERROR, Banker: OK
rtbRequestRouter: 
    router               OK  2016-09-21 11:36:31  Connection to PAL: OK, Banker: OK


rtbAgentConfiguration: 
    agentConfigurationService OK  2016-09-21 11:36:41  Alive
rtbBanker: 
    PostAuctionLoop.slaveBanker OK  2016-09-21 11:36:41  Sync with MasterBanker: OK
    router.slaveBanker   OK  2016-09-21 11:36:41  Sync with MasterBanker: OK
rtbDataLogger: 
    data_logger          OK  2016-09-21 11:36:41  Alive
rtbPostAuctionService: 
    PostAuctionLoop      OK  2016-09-21 11:36:41  WinLoss pipe: OK, CampaignEvent pipe: ERROR, Banker: OK
rtbRequestRouter: 
    router               OK  2016-09-21 11:36:41  Connection to PAL: OK, Banker: OK


rtbAgentConfiguration: 
    agentConfigurationService OK  2016-09-21 11:36:51  Alive
rtbBanker: 
    PostAuctionLoop.slaveBanker OK  2016-09-21 11:36:51  Sync with MasterBanker: OK
    router.slaveBanker   OK  2016-09-21 11:36:51  Sync with MasterBanker: OK
rtbDataLogger: 
    data_logger          OK  2016-09-21 11:36:51  Alive
rtbPostAuctionService: 
    PostAuctionLoop      OK  2016-09-21 11:36:51  WinLoss pipe: OK, CampaignEvent pipe: OK, Banker: OK
rtbRequestRouter: 
    router               OK  2016-09-21 11:36:51  Connection to PAL: OK, Banker: OK


rtbAgentConfiguration: 
    agentConfigurationService OK  2016-09-21 11:37:01  Alive
rtbBanker: 
    PostAuctionLoop.slaveBanker OK  2016-09-21 11:37:01  Sync with MasterBanker: OK
    router.slaveBanker   OK  2016-09-21 11:37:01  Sync with MasterBanker: OK
rtbDataLogger: 
    data_logger          OK  2016-09-21 11:37:01  Alive
rtbPostAuctionService: 
    PostAuctionLoop      OK  2016-09-21 11:37:01  WinLoss pipe: ERROR, CampaignEvent pipe: OK, Banker: OK
rtbRequestRouter: 
    router               OK  2016-09-21 11:37:01  Connection to PAL: OK, Banker: OK


rtbAgentConfiguration: 
    agentConfigurationService OK  2016-09-21 11:37:11  Alive
rtbBanker: 
    PostAuctionLoop.slaveBanker OK  2016-09-21 11:37:11  Sync with MasterBanker: OK
    router.slaveBanker   OK  2016-09-21 11:37:11  Sync with MasterBanker: OK
rtbDataLogger: 
    data_logger          OK  2016-09-21 11:37:11  Alive
rtbPostAuctionService: 
    PostAuctionLoop      OK  2016-09-21 11:37:11  WinLoss pipe: OK, CampaignEvent pipe: ERROR, Banker: OK
rtbRequestRouter: 
    router               OK  2016-09-21 11:37:11  Connection to PAL: OK, Banker: OK


rtbAgentConfiguration: 
    agentConfigurationService OK  2016-09-21 11:37:21  Alive
rtbBanker: 
    PostAuctionLoop.slaveBanker OK  2016-09-21 11:37:21  Sync with MasterBanker: OK
    router.slaveBanker   OK  2016-09-21 11:37:21  Sync with MasterBanker: OK
rtbDataLogger: 
    data_logger          OK  2016-09-21 11:37:21  Alive
rtbPostAuctionService: 
    PostAuctionLoop      OK  2016-09-21 11:37:21  WinLoss pipe: OK, CampaignEvent pipe: ERROR, Banker: OK
rtbRequestRouter: 
    router               OK  2016-09-21 11:37:21  Connection to PAL: OK, Banker: OK


rtbAgentConfiguration: 
    agentConfigurationService OK  2016-09-21 11:37:31  Alive
rtbBanker: 
    PostAuctionLoop.slaveBanker OK  2016-09-21 11:37:31  Sync with MasterBanker: OK
    router.slaveBanker   OK  2016-09-21 11:37:31  Sync with MasterBanker: OK
rtbDataLogger: 
    data_logger          OK  2016-09-21 11:37:31  Alive
rtbPostAuctionService: 
    PostAuctionLoop      OK  2016-09-21 11:37:31  WinLoss pipe: OK, CampaignEvent pipe: ERROR, Banker: OK
rtbRequestRouter: 
    router               OK  2016-09-21 11:37:31  Connection to PAL: OK, Banker: OK
